<?xml version="1.0" encoding="UTF-8"?>
<testng-results skipped="0" failed="0" total="2" passed="2">
  <reporter-output>
  </reporter-output>
  <suite name="Default suite" duration-ms="15532" started-at="2020-11-30T09:24:34Z" finished-at="2020-11-30T09:24:50Z">
    <groups>
    </groups>
    <test name="Default test" duration-ms="15532" started-at="2020-11-30T09:24:34Z" finished-at="2020-11-30T09:24:50Z">
      <class name="com.testcase.Test2">
        <test-method status="PASS" signature="method()[pri:0, instance:com.testcase.Test2@3b6eb2ec]" name="method" is-config="true" duration-ms="12211" started-at="2020-11-30T14:54:34Z" finished-at="2020-11-30T14:54:47Z">
          <reporter-output>
          </reporter-output>
        </test-method> <!-- method -->
        <test-method status="PASS" signature="createaccount()[pri:0, instance:com.testcase.Test2@3b6eb2ec]" name="createaccount" duration-ms="311" started-at="2020-11-30T14:54:47Z" finished-at="2020-11-30T14:54:47Z">
          <reporter-output>
          </reporter-output>
        </test-method> <!-- createaccount -->
        <test-method status="PASS" signature="filldetails()[pri:0, instance:com.testcase.Test2@3b6eb2ec]" name="filldetails" duration-ms="2979" started-at="2020-11-30T14:54:47Z" finished-at="2020-11-30T14:54:50Z">
          <reporter-output>
          </reporter-output>
        </test-method> <!-- filldetails -->
      </class> <!-- com.testcase.Test2 -->
    </test> <!-- Default test -->
  </suite> <!-- Default suite -->
</testng-results>
