<?xml version="1.0" encoding="UTF-8"?>
<testng-results skipped="0" failed="0" total="2" passed="2">
  <reporter-output>
  </reporter-output>
  <suite name="Default suite" duration-ms="26424" started-at="2020-12-14T17:43:15Z" finished-at="2020-12-14T17:43:41Z">
    <groups>
    </groups>
    <test name="Default test" duration-ms="26424" started-at="2020-12-14T17:43:15Z" finished-at="2020-12-14T17:43:41Z">
      <class name="com.testclass.Testclass">
        <test-method status="PASS" signature="setbrowser()[pri:0, instance:com.testclass.Testclass@6bf256fa]" name="setbrowser" is-config="true" duration-ms="20021" started-at="2020-12-14T23:13:15Z" finished-at="2020-12-14T23:13:35Z">
          <reporter-output>
          </reporter-output>
        </test-method> <!-- setbrowser -->
        <test-method status="PASS" signature="openHomePage()[pri:0, instance:com.testclass.Testclass@6bf256fa]" name="openHomePage" duration-ms="848" started-at="2020-12-14T23:13:35Z" finished-at="2020-12-14T23:13:36Z">
          <reporter-output>
          </reporter-output>
        </test-method> <!-- openHomePage -->
        <test-method status="PASS" signature="viewall()[pri:0, instance:com.testclass.Testclass@6bf256fa]" name="viewall" duration-ms="5404" started-at="2020-12-14T23:13:36Z" finished-at="2020-12-14T23:13:41Z">
          <reporter-output>
          </reporter-output>
        </test-method> <!-- viewall -->
      </class> <!-- com.testclass.Testclass -->
    </test> <!-- Default test -->
  </suite> <!-- Default suite -->
</testng-results>
