<?xml version="1.0" encoding="UTF-8"?>
<testng-results skipped="0" failed="0" total="2" passed="2">
  <reporter-output>
  </reporter-output>
  <suite name="Default suite" duration-ms="22088" started-at="2020-12-29T11:54:00Z" finished-at="2020-12-29T11:54:22Z">
    <groups>
    </groups>
    <test name="Default test" duration-ms="22088" started-at="2020-12-29T11:54:00Z" finished-at="2020-12-29T11:54:22Z">
      <class name="com.test.TestClass">
        <test-method status="PASS" signature="setenvir()[pri:0, instance:com.test.TestClass@2752f6e2]" name="setenvir" is-config="true" duration-ms="14075" started-at="2020-12-29T17:24:00Z" finished-at="2020-12-29T17:24:14Z">
          <reporter-output>
          </reporter-output>
        </test-method> <!-- setenvir -->
        <test-method status="PASS" signature="signIn()[pri:0, instance:com.test.TestClass@2752f6e2]" name="signIn" duration-ms="7899" started-at="2020-12-29T17:24:14Z" finished-at="2020-12-29T17:24:22Z">
          <reporter-output>
          </reporter-output>
        </test-method> <!-- signIn -->
        <test-method status="PASS" signature="veri()[pri:0, instance:com.test.TestClass@2752f6e2]" name="veri" duration-ms="85" started-at="2020-12-29T17:24:22Z" finished-at="2020-12-29T17:24:22Z">
          <reporter-output>
          </reporter-output>
        </test-method> <!-- veri -->
      </class> <!-- com.test.TestClass -->
    </test> <!-- Default test -->
  </suite> <!-- Default suite -->
</testng-results>
